nohup: ignoring input
2025-03-31 03:44:11,494 - INFO - Starting Optimized Neural Network Pipeline
2025-03-31 03:44:11,505 - INFO - Data shapes - X_train: (395, 70), X_test: (100, 70)
2025-03-31 03:44:11,505 - INFO - Target stats - Min: 0.0, Max: 131000.0, Mean: 3170.4, Std: 12059.4
2025-03-31 03:44:11,533 - INFO - Using device: cuda
2025-03-31 03:44:12,631 - INFO - Epoch 1/200 | Train Loss: 0.6367 | Val Loss: 0.4279 | LR: 1.00e-03
2025-03-31 03:44:12,645 - INFO - Epoch 2/200 | Train Loss: 0.4596 | Val Loss: 0.3714 | LR: 1.00e-03
2025-03-31 03:44:12,658 - INFO - Epoch 3/200 | Train Loss: 0.4818 | Val Loss: 0.3596 | LR: 1.00e-03
2025-03-31 03:44:12,672 - INFO - Epoch 4/200 | Train Loss: 0.4595 | Val Loss: 0.3562 | LR: 1.00e-03
2025-03-31 03:44:12,684 - INFO - Epoch 5/200 | Train Loss: 0.3731 | Val Loss: 0.3522 | LR: 1.00e-03
2025-03-31 03:44:12,697 - INFO - Epoch 6/200 | Train Loss: 0.3732 | Val Loss: 0.3447 | LR: 1.00e-03
2025-03-31 03:44:12,711 - INFO - Epoch 7/200 | Train Loss: 0.3487 | Val Loss: 0.3380 | LR: 1.00e-03
2025-03-31 03:44:12,723 - INFO - Epoch 8/200 | Train Loss: 0.3337 | Val Loss: 0.3377 | LR: 1.00e-03
2025-03-31 03:44:12,736 - INFO - Epoch 9/200 | Train Loss: 0.3275 | Val Loss: 0.3362 | LR: 1.00e-03
2025-03-31 03:44:12,749 - INFO - Epoch 10/200 | Train Loss: 0.2895 | Val Loss: 0.3350 | LR: 1.00e-03
2025-03-31 03:44:12,762 - INFO - Epoch 11/200 | Train Loss: 0.4139 | Val Loss: 0.3334 | LR: 1.00e-03
2025-03-31 03:44:12,776 - INFO - Epoch 12/200 | Train Loss: 0.3311 | Val Loss: 0.3332 | LR: 1.00e-03
2025-03-31 03:44:12,789 - INFO - Epoch 13/200 | Train Loss: 0.3132 | Val Loss: 0.3337 | LR: 1.00e-03
2025-03-31 03:44:12,799 - INFO - Epoch 14/200 | Train Loss: 0.3621 | Val Loss: 0.3318 | LR: 1.00e-03
2025-03-31 03:44:12,812 - INFO - Epoch 15/200 | Train Loss: 0.2862 | Val Loss: 0.3344 | LR: 1.00e-03
2025-03-31 03:44:12,822 - INFO - Epoch 16/200 | Train Loss: 0.2907 | Val Loss: 0.3398 | LR: 1.00e-03
2025-03-31 03:44:12,833 - INFO - Epoch 17/200 | Train Loss: 0.2702 | Val Loss: 0.3399 | LR: 1.00e-03
2025-03-31 03:44:12,843 - INFO - Epoch 18/200 | Train Loss: 0.3027 | Val Loss: 0.3405 | LR: 1.00e-03
2025-03-31 03:44:12,853 - INFO - Epoch 19/200 | Train Loss: 0.2422 | Val Loss: 0.3374 | LR: 1.00e-03
2025-03-31 03:44:12,864 - INFO - Epoch 20/200 | Train Loss: 0.2037 | Val Loss: 0.3404 | LR: 1.00e-03
2025-03-31 03:44:12,874 - INFO - Epoch 21/200 | Train Loss: 0.2507 | Val Loss: 0.3382 | LR: 1.00e-03
2025-03-31 03:44:12,884 - INFO - Epoch 22/200 | Train Loss: 0.2421 | Val Loss: 0.3393 | LR: 1.00e-03
2025-03-31 03:44:12,894 - INFO - Epoch 23/200 | Train Loss: 0.2289 | Val Loss: 0.3420 | LR: 1.00e-03
2025-03-31 03:44:12,905 - INFO - Epoch 24/200 | Train Loss: 0.2720 | Val Loss: 0.3450 | LR: 1.00e-03
2025-03-31 03:44:12,917 - INFO - Epoch 25/200 | Train Loss: 0.2213 | Val Loss: 0.3469 | LR: 1.00e-03
2025-03-31 03:44:12,929 - INFO - Epoch 26/200 | Train Loss: 0.2207 | Val Loss: 0.3442 | LR: 1.00e-03
2025-03-31 03:44:12,939 - INFO - Epoch 27/200 | Train Loss: 0.2043 | Val Loss: 0.3424 | LR: 1.00e-03
2025-03-31 03:44:12,948 - INFO - Epoch 28/200 | Train Loss: 0.2156 | Val Loss: 0.3422 | LR: 1.00e-03
2025-03-31 03:44:12,959 - INFO - Epoch 29/200 | Train Loss: 0.2062 | Val Loss: 0.3527 | LR: 1.00e-03
2025-03-31 03:44:12,968 - INFO - Epoch 30/200 | Train Loss: 0.2404 | Val Loss: 0.3490 | LR: 1.00e-03
2025-03-31 03:44:12,978 - INFO - Epoch 31/200 | Train Loss: 0.1665 | Val Loss: 0.3566 | LR: 1.00e-03
2025-03-31 03:44:12,988 - INFO - Epoch 32/200 | Train Loss: 0.1920 | Val Loss: 0.3556 | LR: 1.00e-03
2025-03-31 03:44:12,999 - INFO - Epoch 33/200 | Train Loss: 0.1780 | Val Loss: 0.3591 | LR: 1.00e-03
2025-03-31 03:44:13,008 - INFO - Epoch 34/200 | Train Loss: 0.2115 | Val Loss: 0.3596 | LR: 1.00e-03
2025-03-31 03:44:13,018 - INFO - Epoch 35/200 | Train Loss: 0.1589 | Val Loss: 0.3614 | LR: 5.00e-04
2025-03-31 03:44:13,028 - INFO - Epoch 36/200 | Train Loss: 0.1495 | Val Loss: 0.3592 | LR: 5.00e-04
2025-03-31 03:44:13,038 - INFO - Epoch 37/200 | Train Loss: 0.1757 | Val Loss: 0.3584 | LR: 5.00e-04
2025-03-31 03:44:13,048 - INFO - Epoch 38/200 | Train Loss: 0.1852 | Val Loss: 0.3633 | LR: 5.00e-04
2025-03-31 03:44:13,059 - INFO - Epoch 39/200 | Train Loss: 0.1599 | Val Loss: 0.3659 | LR: 5.00e-04
2025-03-31 03:44:13,069 - INFO - Epoch 40/200 | Train Loss: 0.1814 | Val Loss: 0.3648 | LR: 5.00e-04
2025-03-31 03:44:13,079 - INFO - Epoch 41/200 | Train Loss: 0.1690 | Val Loss: 0.3582 | LR: 5.00e-04
2025-03-31 03:44:13,089 - INFO - Epoch 42/200 | Train Loss: 0.1911 | Val Loss: 0.3606 | LR: 5.00e-04
2025-03-31 03:44:13,099 - INFO - Epoch 43/200 | Train Loss: 0.1379 | Val Loss: 0.3654 | LR: 5.00e-04
2025-03-31 03:44:13,109 - INFO - Epoch 44/200 | Train Loss: 0.1826 | Val Loss: 0.3669 | LR: 5.00e-04
2025-03-31 03:44:13,120 - INFO - Epoch 45/200 | Train Loss: 0.1807 | Val Loss: 0.3682 | LR: 5.00e-04
2025-03-31 03:44:13,130 - INFO - Epoch 46/200 | Train Loss: 0.2240 | Val Loss: 0.3709 | LR: 5.00e-04
2025-03-31 03:44:13,140 - INFO - Epoch 47/200 | Train Loss: 0.1205 | Val Loss: 0.3695 | LR: 5.00e-04
2025-03-31 03:44:13,150 - INFO - Epoch 48/200 | Train Loss: 0.1524 | Val Loss: 0.3665 | LR: 5.00e-04
2025-03-31 03:44:13,160 - INFO - Epoch 49/200 | Train Loss: 0.1973 | Val Loss: 0.3659 | LR: 5.00e-04
2025-03-31 03:44:13,171 - INFO - Epoch 50/200 | Train Loss: 0.1372 | Val Loss: 0.3707 | LR: 5.00e-04
2025-03-31 03:44:13,181 - INFO - Epoch 51/200 | Train Loss: 0.1218 | Val Loss: 0.3689 | LR: 5.00e-04
2025-03-31 03:44:13,191 - INFO - Epoch 52/200 | Train Loss: 0.1372 | Val Loss: 0.3687 | LR: 5.00e-04
2025-03-31 03:44:13,201 - INFO - Epoch 53/200 | Train Loss: 0.1806 | Val Loss: 0.3665 | LR: 5.00e-04
2025-03-31 03:44:13,211 - INFO - Epoch 54/200 | Train Loss: 0.1300 | Val Loss: 0.3682 | LR: 5.00e-04
2025-03-31 03:44:13,221 - INFO - Epoch 55/200 | Train Loss: 0.1711 | Val Loss: 0.3713 | LR: 5.00e-04
2025-03-31 03:44:13,231 - INFO - Epoch 56/200 | Train Loss: 0.1684 | Val Loss: 0.3707 | LR: 2.50e-04
2025-03-31 03:44:13,241 - INFO - Epoch 57/200 | Train Loss: 0.1616 | Val Loss: 0.3719 | LR: 2.50e-04
2025-03-31 03:44:13,251 - INFO - Epoch 58/200 | Train Loss: 0.1161 | Val Loss: 0.3716 | LR: 2.50e-04
2025-03-31 03:44:13,262 - INFO - Epoch 59/200 | Train Loss: 0.1394 | Val Loss: 0.3696 | LR: 2.50e-04
2025-03-31 03:44:13,273 - INFO - Epoch 60/200 | Train Loss: 0.1234 | Val Loss: 0.3690 | LR: 2.50e-04
2025-03-31 03:44:13,284 - INFO - Epoch 61/200 | Train Loss: 0.1457 | Val Loss: 0.3710 | LR: 2.50e-04
2025-03-31 03:44:13,294 - INFO - Epoch 62/200 | Train Loss: 0.1135 | Val Loss: 0.3678 | LR: 2.50e-04
2025-03-31 03:44:13,303 - INFO - Epoch 63/200 | Train Loss: 0.1464 | Val Loss: 0.3709 | LR: 2.50e-04
2025-03-31 03:44:13,313 - INFO - Epoch 64/200 | Train Loss: 0.1331 | Val Loss: 0.3714 | LR: 2.50e-04
2025-03-31 03:44:13,324 - INFO - Epoch 65/200 | Train Loss: 0.1150 | Val Loss: 0.3690 | LR: 2.50e-04
2025-03-31 03:44:13,334 - INFO - Epoch 66/200 | Train Loss: 0.1385 | Val Loss: 0.3699 | LR: 2.50e-04
2025-03-31 03:44:13,344 - INFO - Epoch 67/200 | Train Loss: 0.1213 | Val Loss: 0.3712 | LR: 2.50e-04
2025-03-31 03:44:13,354 - INFO - Epoch 68/200 | Train Loss: 0.1840 | Val Loss: 0.3668 | LR: 2.50e-04
2025-03-31 03:44:13,364 - INFO - Epoch 69/200 | Train Loss: 0.1298 | Val Loss: 0.3697 | LR: 2.50e-04
2025-03-31 03:44:13,374 - INFO - Epoch 70/200 | Train Loss: 0.1347 | Val Loss: 0.3747 | LR: 2.50e-04
2025-03-31 03:44:13,384 - INFO - Epoch 71/200 | Train Loss: 0.1364 | Val Loss: 0.3714 | LR: 2.50e-04
2025-03-31 03:44:13,396 - INFO - Epoch 72/200 | Train Loss: 0.1491 | Val Loss: 0.3761 | LR: 2.50e-04
2025-03-31 03:44:13,405 - INFO - Epoch 73/200 | Train Loss: 0.1462 | Val Loss: 0.3731 | LR: 2.50e-04
2025-03-31 03:44:13,415 - INFO - Epoch 74/200 | Train Loss: 0.1749 | Val Loss: 0.3734 | LR: 2.50e-04
2025-03-31 03:44:13,425 - INFO - Epoch 75/200 | Train Loss: 0.1708 | Val Loss: 0.3708 | LR: 2.50e-04
2025-03-31 03:44:13,435 - INFO - Epoch 76/200 | Train Loss: 0.1008 | Val Loss: 0.3713 | LR: 2.50e-04
2025-03-31 03:44:13,444 - INFO - Epoch 77/200 | Train Loss: 0.1171 | Val Loss: 0.3713 | LR: 1.25e-04
2025-03-31 03:44:13,454 - INFO - Epoch 78/200 | Train Loss: 0.1373 | Val Loss: 0.3735 | LR: 1.25e-04
2025-03-31 03:44:13,464 - INFO - Epoch 79/200 | Train Loss: 0.1731 | Val Loss: 0.3726 | LR: 1.25e-04
2025-03-31 03:44:13,473 - INFO - Epoch 80/200 | Train Loss: 0.1526 | Val Loss: 0.3721 | LR: 1.25e-04
2025-03-31 03:44:13,482 - INFO - Epoch 81/200 | Train Loss: 0.1895 | Val Loss: 0.3750 | LR: 1.25e-04
2025-03-31 03:44:13,492 - INFO - Epoch 82/200 | Train Loss: 0.1201 | Val Loss: 0.3702 | LR: 1.25e-04
2025-03-31 03:44:13,501 - INFO - Epoch 83/200 | Train Loss: 0.1263 | Val Loss: 0.3715 | LR: 1.25e-04
2025-03-31 03:44:13,511 - INFO - Epoch 84/200 | Train Loss: 0.1490 | Val Loss: 0.3707 | LR: 1.25e-04
2025-03-31 03:44:13,520 - INFO - Epoch 85/200 | Train Loss: 0.1116 | Val Loss: 0.3685 | LR: 1.25e-04
2025-03-31 03:44:13,530 - INFO - Epoch 86/200 | Train Loss: 0.1274 | Val Loss: 0.3707 | LR: 1.25e-04
2025-03-31 03:44:13,539 - INFO - Epoch 87/200 | Train Loss: 0.1495 | Val Loss: 0.3690 | LR: 1.25e-04
2025-03-31 03:44:13,549 - INFO - Epoch 88/200 | Train Loss: 0.1420 | Val Loss: 0.3683 | LR: 1.25e-04
2025-03-31 03:44:13,558 - INFO - Epoch 89/200 | Train Loss: 0.1649 | Val Loss: 0.3722 | LR: 1.25e-04
2025-03-31 03:44:13,567 - INFO - Epoch 90/200 | Train Loss: 0.1040 | Val Loss: 0.3688 | LR: 1.25e-04
2025-03-31 03:44:13,576 - INFO - Epoch 91/200 | Train Loss: 0.1829 | Val Loss: 0.3709 | LR: 1.25e-04
2025-03-31 03:44:13,586 - INFO - Epoch 92/200 | Train Loss: 0.1486 | Val Loss: 0.3689 | LR: 1.25e-04
2025-03-31 03:44:13,595 - INFO - Epoch 93/200 | Train Loss: 0.1333 | Val Loss: 0.3724 | LR: 1.25e-04
2025-03-31 03:44:13,605 - INFO - Epoch 94/200 | Train Loss: 0.1331 | Val Loss: 0.3710 | LR: 1.25e-04
2025-03-31 03:44:13,614 - INFO - Epoch 95/200 | Train Loss: 0.1192 | Val Loss: 0.3685 | LR: 1.25e-04
2025-03-31 03:44:13,624 - INFO - Epoch 96/200 | Train Loss: 0.1053 | Val Loss: 0.3699 | LR: 1.25e-04
2025-03-31 03:44:13,633 - INFO - Epoch 97/200 | Train Loss: 0.1411 | Val Loss: 0.3706 | LR: 1.25e-04
2025-03-31 03:44:13,642 - INFO - Epoch 98/200 | Train Loss: 0.0975 | Val Loss: 0.3667 | LR: 6.25e-05
2025-03-31 03:44:13,652 - INFO - Epoch 99/200 | Train Loss: 0.1220 | Val Loss: 0.3689 | LR: 6.25e-05
2025-03-31 03:44:13,661 - INFO - Epoch 100/200 | Train Loss: 0.2152 | Val Loss: 0.3682 | LR: 6.25e-05
2025-03-31 03:44:13,670 - INFO - Epoch 101/200 | Train Loss: 0.1025 | Val Loss: 0.3666 | LR: 6.25e-05
2025-03-31 03:44:13,680 - INFO - Epoch 102/200 | Train Loss: 0.1359 | Val Loss: 0.3697 | LR: 6.25e-05
2025-03-31 03:44:13,689 - INFO - Epoch 103/200 | Train Loss: 0.1089 | Val Loss: 0.3694 | LR: 6.25e-05
2025-03-31 03:44:13,699 - INFO - Epoch 104/200 | Train Loss: 0.1599 | Val Loss: 0.3713 | LR: 6.25e-05
2025-03-31 03:44:13,708 - INFO - Epoch 105/200 | Train Loss: 0.1296 | Val Loss: 0.3708 | LR: 6.25e-05
2025-03-31 03:44:13,718 - INFO - Epoch 106/200 | Train Loss: 0.1241 | Val Loss: 0.3680 | LR: 6.25e-05
2025-03-31 03:44:13,727 - INFO - Epoch 107/200 | Train Loss: 0.1142 | Val Loss: 0.3681 | LR: 6.25e-05
2025-03-31 03:44:13,736 - INFO - Epoch 108/200 | Train Loss: 0.1228 | Val Loss: 0.3700 | LR: 6.25e-05
2025-03-31 03:44:13,746 - INFO - Epoch 109/200 | Train Loss: 0.1239 | Val Loss: 0.3700 | LR: 6.25e-05
2025-03-31 03:44:13,755 - INFO - Epoch 110/200 | Train Loss: 0.1248 | Val Loss: 0.3687 | LR: 6.25e-05
2025-03-31 03:44:13,764 - INFO - Epoch 111/200 | Train Loss: 0.1134 | Val Loss: 0.3703 | LR: 6.25e-05
2025-03-31 03:44:13,774 - INFO - Epoch 112/200 | Train Loss: 0.1187 | Val Loss: 0.3731 | LR: 6.25e-05
2025-03-31 03:44:13,785 - INFO - Epoch 113/200 | Train Loss: 0.1461 | Val Loss: 0.3704 | LR: 6.25e-05
2025-03-31 03:44:13,795 - INFO - Epoch 114/200 | Train Loss: 0.1597 | Val Loss: 0.3760 | LR: 6.25e-05
2025-03-31 03:44:13,796 - INFO - Early stopping triggered
2025-03-31 03:44:13,960 - INFO - 
Final Test Metrics:
2025-03-31 03:44:13,960 - INFO - MAE: 3780.9483
2025-03-31 03:44:13,960 - INFO - RMSE: 15105.8359
2025-03-31 03:44:13,960 - INFO - R2: 0.1837
2025-03-31 03:44:13,960 - INFO - Relative_Error: 0.7420
2025-03-31 03:44:13,964 - INFO - Pipeline completed successfully!
